[Licensing::Module] Trying to connect to existing licensing client channel...
Built from '6000.2/staging' branch; Version is '6000.2.9f1 (e0c4e791ab71) revision 14730471'; Using compiler version '194234433'; Build Type 'Release'
OS: 'Windows 10  (10.0.19045) 64bit Core' Language: 'en' Physical Memory: 32699 MB
BatchMode: 1, IsHumanControllingUs: 0, StartBugReporterOnCrash: 0, Is64bit: 1
[Licensing::IpcConnector] Successfully connected to: "LicenseClient-ethan" at "2026-03-25T21:03:38.845664Z"
Date: 2026-03-25T21:03:38Z

COMMAND LINE ARGUMENTS:
C:\Program Files\Unity\Hub\Editor\6000.2.9f1\Editor\Unity.exe
-adb2
-batchMode
-noUpm
-name
AssetImportWorker15
-projectPath
C:/Users/ethan/Desktop/Flight Paper Studio/Game Projects/Project Sorrow/Project Sorrow
-logFile
Logs/AssetImportWorker15.log
-srvPort
59133
-licensingIpc
LicenseClient-ethan
-job-worker-count
7
-background-job-worker-count
8
-gc-helper-count
1
-name
AssetImport
Successfully changed project path to: C:/Users/ethan/Desktop/Flight Paper Studio/Game Projects/Project Sorrow/Project Sorrow
C:/Users/ethan/Desktop/Flight Paper Studio/Game Projects/Project Sorrow/Project Sorrow
[UnityMemory] Configuration Parameters - Can be set up in boot.config
    "memorysetup-allocator-temp-initial-block-size-main=262144"
    "memorysetup-allocator-temp-initial-block-size-worker=262144"
    "memorysetup-bucket-allocator-granularity=16"
    "memorysetup-bucket-allocator-bucket-count=8"
    "memorysetup-bucket-allocator-block-size=33554432"
    "memorysetup-bucket-allocator-block-count=8"
    "memorysetup-main-allocator-block-size=16777216"
    "memorysetup-thread-allocator-block-size=16777216"
    "memorysetup-gfx-main-allocator-block-size=16777216"
    "memorysetup-gfx-thread-allocator-block-size=16777216"
    "memorysetup-cache-allocator-block-size=4194304"
    "memorysetup-typetree-allocator-block-size=2097152"
    "memorysetup-profiler-bucket-allocator-granularity=16"
    "memorysetup-profiler-bucket-allocator-bucket-count=8"
    "memorysetup-profiler-bucket-allocator-block-size=33554432"
    "memorysetup-profiler-bucket-allocator-block-count=8"
    "memorysetup-profiler-allocator-block-size=16777216"
    "memorysetup-profiler-editor-allocator-block-size=1048576"
    "memorysetup-temp-allocator-size-main=16777216"
    "memorysetup-job-temp-allocator-block-size=2097152"
    "memorysetup-job-temp-allocator-block-size-background=1048576"
    "memorysetup-job-temp-allocator-reduction-small-platforms=262144"
    "memorysetup-temp-allocator-size-background-worker=32768"
    "memorysetup-temp-allocator-size-job-worker=262144"
    "memorysetup-temp-allocator-size-preload-manager=33554432"
    "memorysetup-temp-allocator-size-nav-mesh-worker=65536"
    "memorysetup-temp-allocator-size-audio-worker=65536"
    "memorysetup-temp-allocator-size-cloud-worker=32768"
    "memorysetup-temp-allocator-size-gi-baking-worker=262144"
    "memorysetup-temp-allocator-size-gi-baking-worker=262144"
    "memorysetup-temp-allocator-size-gi-baking-worker=262144"
    "memorysetup-temp-allocator-size-gi-baking-worker=262144"
    "memorysetup-temp-allocator-size-gi-baking-worker=262144"
    "memorysetup-temp-allocator-size-gfx=262144"
Player connection [23396]  Target information:

Player connection [23396]  * "[IP] 192.168.1.124 [Port] 0 [Flags] 2 [Guid] 1847123198 [EditorId] 1847123198 [Version] 1048832 [Id] WindowsEditor(7,DESKTOP-LMD41HU) [Debug] 1 [PackageName] WindowsEditor [ProjectName] Editor" 

Player connection [23396] Host joined multi-casting on [225.0.0.222:54997]...
Player connection [23396] Host joined alternative multi-casting on [225.0.0.222:34997]...
JobSystem: Creating JobQueue using job-worker-count value 7
Input System module state changed to: Initialized.
[Physics::Module] Initialized fallback backend.
[Physics::Module] Id: 0xdecafbad
[Licensing::Client] Code 10 while verifying Licensing Client signature (process Id: 19388, path: "C:/Program Files/Unity Hub/UnityLicensingClient_V1/Unity.Licensing.Client.exe")
[Licensing::Module] LicensingClient has failed validation; ignoring
[Licensing::Client] Handshaking with LicensingClient:
  Version:                 1.17.4+4293ba1
  Session Id:              bc68167ed594430c9939c363179cd230
  Correlation Id:          f50bf4e8bb474a228c9191f60d06ce31
  External correlation Id: 3334006902055852052
  Machine Id:              K5oX8iBmUGjpqkw3ua0Z8+1m5VM=
[Licensing::Module] Successfully connected to LicensingClient on channel: "LicenseClient-ethan" (connect: 0.00s, validation: 0.00s, handshake: 0.04s)
[Licensing::IpcConnector] Successfully connected to: "LicenseClient-ethan-notifications" at "2026-03-25T21:03:38.8904181Z"
[Licensing::Module] Licensing Background thread has ended after 0.05s
Library Redirect Path: Library/
[Physics::Module] Selected backend.
[Physics::Module] Name: PhysX
[Physics::Module] Id: 0xf2b8ea05
[Physics::Module] SDK Version: 4.1.2
[Physics::Module] Integration Version: 1.0.0
[Physics::Module] Threading Mode: Multi-Threaded
Refreshing native plugins compatible for Editor in 5.53 ms, found 3 plugins.
Preloading 0 native plugins for Editor in 0.00 ms.
Initialize engine version: 6000.2.9f1 (e0c4e791ab71)
[Subsystems] Discovering subsystems at path C:/Program Files/Unity/Hub/Editor/6000.2.9f1/Editor/Data/Resources/UnitySubsystems
[Subsystems] Discovering subsystems at path C:/Users/ethan/Desktop/Flight Paper Studio/Game Projects/Project Sorrow/Project Sorrow/Assets
GfxDevice: creating device client; kGfxThreadingModeNonThreaded
Direct3D:
    Version:  Direct3D 11.0 [level 11.1]
    Renderer: Radeon RX Vega (ID=0x687f)
    Vendor:   ATI
    VRAM:     8119 MB
    Driver:   31.0.12027.9001
Initialize mono
Mono path[0] = 'C:/Program Files/Unity/Hub/Editor/6000.2.9f1/Editor/Data/Managed'
Mono path[1] = 'C:/Program Files/Unity/Hub/Editor/6000.2.9f1/Editor/Data/MonoBleedingEdge/lib/mono/unityjit-win32'
Mono config path = 'C:/Program Files/Unity/Hub/Editor/6000.2.9f1/Editor/Data/MonoBleedingEdge/etc'
Using monoOptions --debugger-agent=transport=dt_socket,embedding=1,server=y,suspend=n,address=127.0.0.1:56116
Begin MonoManager ReloadAssembly
Registering precompiled unity dll's ...
Register platform support module: C:/Program Files/Unity/Hub/Editor/6000.2.9f1/Editor/Data/PlaybackEngines/MacStandaloneSupport/UnityEditor.OSXStandalone.Extensions.dll
Register platform support module: C:/Program Files/Unity/Hub/Editor/6000.2.9f1/Editor/Data/PlaybackEngines/WindowsStandaloneSupport/UnityEditor.WindowsStandalone.Extensions.dll
Registered in 0.004408 seconds.
- Loaded All Assemblies, in  0.529 seconds
Native extension for WindowsStandalone target not found
Native extension for OSXStandalone target not found
Mono: successfully reloaded assembly
- Finished resetting the current domain, in  0.463 seconds
Domain Reload Profiling: 987ms
	BeginReloadAssembly (183ms)
		ExecutionOrderSort (0ms)
		DisableScriptedObjects (0ms)
		BackupInstance (0ms)
		ReleaseScriptingObjects (0ms)
		CreateAndSetChildDomain (1ms)
	RebuildCommonClasses (51ms)
	RebuildNativeTypeToScriptingClass (16ms)
	initialDomainReloadingComplete (65ms)
	LoadAllAssembliesAndSetupDomain (209ms)
		LoadAssemblies (177ms)
		RebuildTransferFunctionScriptingTraits (0ms)
		AnalyzeDomain (205ms)
			TypeCache.Refresh (203ms)
				TypeCache.ScanAssembly (185ms)
			BuildScriptInfoCaches (0ms)
			ResolveRequiredComponents (1ms)
	FinalizeReload (463ms)
		ReleaseScriptCaches (0ms)
		RebuildScriptCaches (0ms)
		SetupLoadedEditorAssemblies (393ms)
			LogAssemblyErrors (0ms)
			InitializePlatformSupportModulesInManaged (71ms)
			SetLoadedEditorAssemblies (5ms)
			BeforeProcessingInitializeOnLoad (84ms)
			ProcessInitializeOnLoadAttributes (162ms)
			ProcessInitializeOnLoadMethodAttributes (71ms)
			AfterProcessingInitializeOnLoad (0ms)
			EditorAssembliesLoaded (0ms)
		ExecutionOrderSort2 (0ms)
		AwakeInstancesAfterBackupRestoration (0ms)
========================================================================
Worker process is ready to serve import requests
Import Worker Mode flag is 0x00
Begin MonoManager ReloadAssembly
[Licensing::Client] Successfully resolved entitlement details
[Licensing::Module] License group:
  Id: F4-PEUD-QFPU-WNU4-VCQ2-XXXX
  Product: Unity Personal
  Type: ULF
  Expiration: Unlimited
[Licensing::Module] License group:
  Id: 1374556456971-UnityPersXXXX
  Product: Unity Personal
  Type: Assigned
  Expiration: Unlimited
Symbol file LoadedFromMemory is not a mono symbol file
- Loaded All Assemblies, in  1.253 seconds
Refreshing native plugins compatible for Editor in 1.58 ms, found 3 plugins.
Native extension for WindowsStandalone target not found
Native extension for OSXStandalone target not found
Package Manager log level set to [2]
[Package Manager] Failed to launch server process. Reason: Unity was launched with the -noUpm command-line argument
[Package Manager] Unable to send message (not connected to server process).
[Package Manager] Cannot connect to Unity Package Manager local server
Mono: successfully reloaded assembly
- Finished resetting the current domain, in  1.032 seconds
Domain Reload Profiling: 2276ms
	BeginReloadAssembly (259ms)
		ExecutionOrderSort (0ms)
		DisableScriptedObjects (9ms)
		BackupInstance (0ms)
		ReleaseScriptingObjects (0ms)
		CreateAndSetChildDomain (37ms)
	RebuildCommonClasses (49ms)
	RebuildNativeTypeToScriptingClass (16ms)
	initialDomainReloadingComplete (53ms)
	LoadAllAssembliesAndSetupDomain (868ms)
		LoadAssemblies (600ms)
		RebuildTransferFunctionScriptingTraits (0ms)
		AnalyzeDomain (424ms)
			TypeCache.Refresh (313ms)
				TypeCache.ScanAssembly (292ms)
			BuildScriptInfoCaches (90ms)
			ResolveRequiredComponents (16ms)
	FinalizeReload (1033ms)
		ReleaseScriptCaches (0ms)
		RebuildScriptCaches (0ms)
		SetupLoadedEditorAssemblies (791ms)
			LogAssemblyErrors (0ms)
			InitializePlatformSupportModulesInManaged (3ms)
			SetLoadedEditorAssemblies (6ms)
			BeforeProcessingInitializeOnLoad (177ms)
			ProcessInitializeOnLoadAttributes (529ms)
			ProcessInitializeOnLoadMethodAttributes (67ms)
			AfterProcessingInitializeOnLoad (8ms)
			EditorAssembliesLoaded (0ms)
		ExecutionOrderSort2 (0ms)
		AwakeInstancesAfterBackupRestoration (7ms)
Launched and connected shader compiler UnityShaderCompiler.exe after 0.02 seconds
Refreshing native plugins compatible for Editor in 1.64 ms, found 3 plugins.
Preloading 0 native plugins for Editor in 0.00 ms.
Unloading 14 Unused Serialized files (Serialized files now loaded: 0)
Unloading 7525 unused Assets / (4.5 MB). Loaded Objects now: 8281.
Memory consumption went from 145.0 MB to 140.5 MB.
Total: 10.795900 ms (FindLiveObjects: 1.079500 ms CreateObjectMapping: 0.553900 ms MarkObjects: 6.103700 ms  DeleteObjects: 3.057600 ms)

========================================================================
Received Import Request.
  Time since last request: 530519.323699 seconds.
  path: Assets/AddressableAssetsData/AssetGroups/Status Effects.asset
  artifactKey: Guid(d39e69fa7a39d5e46adbe4ece0dafcb0) Importer(815301076,1909f56bfc062723c751e8b465ee728b)
Start importing Assets/AddressableAssetsData/AssetGroups/Status Effects.asset using Guid(d39e69fa7a39d5e46adbe4ece0dafcb0) Importer(815301076,1909f56bfc062723c751e8b465ee728b) (PreviewImporter) -> (artifact id: '34a648380379bf3d41665335e9fedc9a') in 0.0239717 seconds
Number of updated asset objects reloaded before import = 4Number of asset objects unloaded after import = 0

========================================================================
Received Import Request.
  Time since last request: 0.866240 seconds.
  path: Assets/AddressableAssetsData/AssetGroups/Status Effects.asset
  artifactKey: Guid(d39e69fa7a39d5e46adbe4ece0dafcb0) Importer(2089858483,192608db42251d675da83286b1cce702)
Start importing Assets/AddressableAssetsData/AssetGroups/Status Effects.asset using Guid(d39e69fa7a39d5e46adbe4ece0dafcb0) Importer(2089858483,192608db42251d675da83286b1cce702) (ScriptedImporter) -> (artifact id: 'b37668c57117e916e6c189dfe54e68db') in 0.2388426 seconds
Number of updated asset objects reloaded before import = 0Number of asset objects unloaded after import = 1

========================================================================
Received Import Request.
  Time since last request: 1.970956 seconds.
  path: Assets/AddressableAssetsData/AssetGroups/Status Effects.asset
  artifactKey: Guid(d39e69fa7a39d5e46adbe4ece0dafcb0) Importer(815301076,1909f56bfc062723c751e8b465ee728b)
Start importing Assets/AddressableAssetsData/AssetGroups/Status Effects.asset using Guid(d39e69fa7a39d5e46adbe4ece0dafcb0) Importer(815301076,1909f56bfc062723c751e8b465ee728b) (PreviewImporter) -> (artifact id: 'fbaa731624c8d8e758793e0cb06a2657') in 0.0010638 seconds
Number of updated asset objects reloaded before import = 2Number of asset objects unloaded after import = 0

========================================================================
Received Import Request.
  Time since last request: 0.906974 seconds.
  path: Assets/AddressableAssetsData/AssetGroups/Status Effects.asset
  artifactKey: Guid(d39e69fa7a39d5e46adbe4ece0dafcb0) Importer(2089858483,192608db42251d675da83286b1cce702)
Start importing Assets/AddressableAssetsData/AssetGroups/Status Effects.asset using Guid(d39e69fa7a39d5e46adbe4ece0dafcb0) Importer(2089858483,192608db42251d675da83286b1cce702) (ScriptedImporter) -> (artifact id: 'e5a6bd7015a09f328ea234340ccd2654') in 0.0192364 seconds
Number of updated asset objects reloaded before import = 0Number of asset objects unloaded after import = 1

========================================================================
Received Import Request.
  Time since last request: 16.529269 seconds.
  path: Assets/AddressableAssetsData/AssetGroups/Status Effects.asset
  artifactKey: Guid(d39e69fa7a39d5e46adbe4ece0dafcb0) Importer(815301076,1909f56bfc062723c751e8b465ee728b)
Start importing Assets/AddressableAssetsData/AssetGroups/Status Effects.asset using Guid(d39e69fa7a39d5e46adbe4ece0dafcb0) Importer(815301076,1909f56bfc062723c751e8b465ee728b) (PreviewImporter) -> (artifact id: 'b76b517dc9c91e56e69166c80d965d54') in 0.0027429 seconds
Number of updated asset objects reloaded before import = 2Number of asset objects unloaded after import = 0

========================================================================
Received Import Request.
  Time since last request: 0.891030 seconds.
  path: Assets/AddressableAssetsData/AddressableAssetSettings.asset
  artifactKey: Guid(159ae5a5357fd3c44a9f6834f5215984) Importer(2089858483,192608db42251d675da83286b1cce702)
Start importing Assets/AddressableAssetsData/AddressableAssetSettings.asset using Guid(159ae5a5357fd3c44a9f6834f5215984) Importer(2089858483,192608db42251d675da83286b1cce702) (ScriptedImporter) -> (artifact id: '458553ab74a144a241c4484c3b73bf02') in 0.040584 seconds
Number of updated asset objects reloaded before import = 0Number of asset objects unloaded after import = 1

========================================================================
Received Import Request.
  Time since last request: 15.370257 seconds.
  path: Assets/Status Effects/Scriptable Objects/Anxious.asset
  artifactKey: Guid(053d69fdfd39b084f9f362c107e52552) Importer(815301076,1909f56bfc062723c751e8b465ee728b)
Start importing Assets/Status Effects/Scriptable Objects/Anxious.asset using Guid(053d69fdfd39b084f9f362c107e52552) Importer(815301076,1909f56bfc062723c751e8b465ee728b) (PreviewImporter) -> (artifact id: 'be047552eb7a6bfe294b8cc027b93e37') in 0.0016204 seconds
Number of updated asset objects reloaded before import = 0Number of asset objects unloaded after import = 1

========================================================================
Received Import Request.
  Time since last request: 0.000017 seconds.
  path: Assets/Status Effects/Scriptable Objects/Serious.asset
  artifactKey: Guid(6c15d49ef8c13ea4f9388dbda6a463f1) Importer(815301076,1909f56bfc062723c751e8b465ee728b)
Start importing Assets/Status Effects/Scriptable Objects/Serious.asset using Guid(6c15d49ef8c13ea4f9388dbda6a463f1) Importer(815301076,1909f56bfc062723c751e8b465ee728b) (PreviewImporter) -> (artifact id: '426613a53ed9398fbc03f7bdd53223a7') in 0.0016367 seconds
Number of updated asset objects reloaded before import = 0Number of asset objects unloaded after import = 1

========================================================================
Received Import Request.
  Time since last request: 34.072591 seconds.
  path: Assets/Tags/Scriptable Objects/Stubborn.asset
  artifactKey: Guid(2d9dd1057a2b10c45bca2c5621032932) Importer(815301076,1909f56bfc062723c751e8b465ee728b)
Start importing Assets/Tags/Scriptable Objects/Stubborn.asset using Guid(2d9dd1057a2b10c45bca2c5621032932) Importer(815301076,1909f56bfc062723c751e8b465ee728b) (PreviewImporter) -> (artifact id: '031bcb420cc4a65b60362246b680e16b') in 0.0015629 seconds
Number of updated asset objects reloaded before import = 0Number of asset objects unloaded after import = 1

========================================================================
Received Import Request.
  Time since last request: 0.931483 seconds.
  path: Assets/Tags/Scriptable Objects/Stubborn.asset
  artifactKey: Guid(2d9dd1057a2b10c45bca2c5621032932) Importer(2089858483,192608db42251d675da83286b1cce702)
Start importing Assets/Tags/Scriptable Objects/Stubborn.asset using Guid(2d9dd1057a2b10c45bca2c5621032932) Importer(2089858483,192608db42251d675da83286b1cce702) (ScriptedImporter) -> (artifact id: '51224fcf5d8efca24466a250dffc408f') in 0.0134533 seconds
Number of updated asset objects reloaded before import = 0Number of asset objects unloaded after import = 1

========================================================================
Received Import Request.
  Time since last request: 66.583548 seconds.
  path: Assets/Tags/Scriptable Objects/Greedy.asset
  artifactKey: Guid(d20a8a93a2ce8444b8fa97d41cecb15f) Importer(815301076,1909f56bfc062723c751e8b465ee728b)
Start importing Assets/Tags/Scriptable Objects/Greedy.asset using Guid(d20a8a93a2ce8444b8fa97d41cecb15f) Importer(815301076,1909f56bfc062723c751e8b465ee728b) (PreviewImporter) -> (artifact id: 'c207b4b1a3af42377e20368cfe9911ef') in 0.0013561 seconds
Number of updated asset objects reloaded before import = 0Number of asset objects unloaded after import = 1

========================================================================
Received Import Request.
  Time since last request: 0.931074 seconds.
  path: Assets/Tags/Scriptable Objects/Greedy.asset
  artifactKey: Guid(d20a8a93a2ce8444b8fa97d41cecb15f) Importer(2089858483,192608db42251d675da83286b1cce702)
Start importing Assets/Tags/Scriptable Objects/Greedy.asset using Guid(d20a8a93a2ce8444b8fa97d41cecb15f) Importer(2089858483,192608db42251d675da83286b1cce702) (ScriptedImporter) -> (artifact id: 'b8ea46547181c5a4480f66925422a6f0') in 0.013637 seconds
Number of updated asset objects reloaded before import = 0Number of asset objects unloaded after import = 1

========================================================================
Received Import Request.
  Time since last request: 248.136450 seconds.
  path: Assets/Tags/Scriptable Objects/Dramatic.asset
  artifactKey: Guid(9a0e4c3dc3781a344aa5372a2473d61b) Importer(815301076,1909f56bfc062723c751e8b465ee728b)
Start importing Assets/Tags/Scriptable Objects/Dramatic.asset using Guid(9a0e4c3dc3781a344aa5372a2473d61b) Importer(815301076,1909f56bfc062723c751e8b465ee728b) (PreviewImporter) -> (artifact id: '34e99a1b149d977bd51386f1e9bdb710') in 0.0015528 seconds
Number of updated asset objects reloaded before import = 0Number of asset objects unloaded after import = 1

========================================================================
Received Import Request.
  Time since last request: 0.931611 seconds.
  path: Assets/Tags/Scriptable Objects/Dramatic.asset
  artifactKey: Guid(9a0e4c3dc3781a344aa5372a2473d61b) Importer(2089858483,192608db42251d675da83286b1cce702)
Start importing Assets/Tags/Scriptable Objects/Dramatic.asset using Guid(9a0e4c3dc3781a344aa5372a2473d61b) Importer(2089858483,192608db42251d675da83286b1cce702) (ScriptedImporter) -> (artifact id: '266191c98a4d695caf65eb96c9fd961b') in 0.0297827 seconds
Number of updated asset objects reloaded before import = 0Number of asset objects unloaded after import = 1

========================================================================
Received Import Request.
  Time since last request: 153.044725 seconds.
  path: Assets/Tags/Scriptable Objects/Popular.asset
  artifactKey: Guid(273a5964d94e4754c8c788acbd3d702c) Importer(815301076,1909f56bfc062723c751e8b465ee728b)
Start importing Assets/Tags/Scriptable Objects/Popular.asset using Guid(273a5964d94e4754c8c788acbd3d702c) Importer(815301076,1909f56bfc062723c751e8b465ee728b) (PreviewImporter) -> (artifact id: 'e82855747b881d53098137958e3e8e88') in 0.0024924 seconds
Number of updated asset objects reloaded before import = 0Number of asset objects unloaded after import = 1

========================================================================
Received Import Request.
  Time since last request: 0.921383 seconds.
  path: Assets/Tags/Scriptable Objects/Popular.asset
  artifactKey: Guid(273a5964d94e4754c8c788acbd3d702c) Importer(2089858483,192608db42251d675da83286b1cce702)
Start importing Assets/Tags/Scriptable Objects/Popular.asset using Guid(273a5964d94e4754c8c788acbd3d702c) Importer(2089858483,192608db42251d675da83286b1cce702) (ScriptedImporter) -> (artifact id: '9e50a0d2b8acf89ec3afec2271935b8b') in 0.0122035 seconds
Number of updated asset objects reloaded before import = 0Number of asset objects unloaded after import = 1

========================================================================
Received Import Request.
  Time since last request: 1214.931515 seconds.
  path: Assets/Tags/Scriptable Objects/Excited.asset
  artifactKey: Guid(c0b8f59c3972b7d43b02c983543ea5cc) Importer(815301076,1909f56bfc062723c751e8b465ee728b)
Start importing Assets/Tags/Scriptable Objects/Excited.asset using Guid(c0b8f59c3972b7d43b02c983543ea5cc) Importer(815301076,1909f56bfc062723c751e8b465ee728b) (PreviewImporter) -> (artifact id: '423126aeff3337ba4ba212d830cfa4d4') in 0.0014297 seconds
Number of updated asset objects reloaded before import = 0Number of asset objects unloaded after import = 1

========================================================================
Received Import Request.
  Time since last request: 0.928395 seconds.
  path: Assets/Tags/Scriptable Objects/Excited.asset
  artifactKey: Guid(c0b8f59c3972b7d43b02c983543ea5cc) Importer(2089858483,192608db42251d675da83286b1cce702)
Start importing Assets/Tags/Scriptable Objects/Excited.asset using Guid(c0b8f59c3972b7d43b02c983543ea5cc) Importer(2089858483,192608db42251d675da83286b1cce702) (ScriptedImporter) -> (artifact id: '40465c106f241a8b3490039db1758431') in 0.0181229 seconds
Number of updated asset objects reloaded before import = 0Number of asset objects unloaded after import = 1

========================================================================
Received Import Request.
  Time since last request: 123.932617 seconds.
  path: Assets/Tags/Scriptable Objects/Serious.asset
  artifactKey: Guid(09ad87082255f7e40912ef33f8daf692) Importer(815301076,1909f56bfc062723c751e8b465ee728b)
Start importing Assets/Tags/Scriptable Objects/Serious.asset using Guid(09ad87082255f7e40912ef33f8daf692) Importer(815301076,1909f56bfc062723c751e8b465ee728b) (PreviewImporter) -> (artifact id: '62f9890356388af89fb06b1f2881ba9a') in 0.001573 seconds
Number of updated asset objects reloaded before import = 0Number of asset objects unloaded after import = 1

========================================================================
Received Import Request.
  Time since last request: 0.932077 seconds.
  path: Assets/Tags/Scriptable Objects/Serious.asset
  artifactKey: Guid(09ad87082255f7e40912ef33f8daf692) Importer(2089858483,192608db42251d675da83286b1cce702)
Start importing Assets/Tags/Scriptable Objects/Serious.asset using Guid(09ad87082255f7e40912ef33f8daf692) Importer(2089858483,192608db42251d675da83286b1cce702) (ScriptedImporter) -> (artifact id: 'b701ef1c6198dd3e548ede09c10b8aa3') in 0.0128823 seconds
Number of updated asset objects reloaded before import = 0Number of asset objects unloaded after import = 1

========================================================================
Received Import Request.
  Time since last request: 126.707932 seconds.
  path: Assets/Tags/Scriptable Objects/Focused.asset
  artifactKey: Guid(ebabb468fdde776498ae454b04bbec94) Importer(815301076,1909f56bfc062723c751e8b465ee728b)
Start importing Assets/Tags/Scriptable Objects/Focused.asset using Guid(ebabb468fdde776498ae454b04bbec94) Importer(815301076,1909f56bfc062723c751e8b465ee728b) (PreviewImporter) -> (artifact id: 'ca34f77da4f0cbef48b688a47631caf8') in 0.0014632 seconds
Number of updated asset objects reloaded before import = 0Number of asset objects unloaded after import = 1

========================================================================
Received Import Request.
  Time since last request: 0.931568 seconds.
  path: Assets/Tags/Scriptable Objects/Focused.asset
  artifactKey: Guid(ebabb468fdde776498ae454b04bbec94) Importer(2089858483,192608db42251d675da83286b1cce702)
Start importing Assets/Tags/Scriptable Objects/Focused.asset using Guid(ebabb468fdde776498ae454b04bbec94) Importer(2089858483,192608db42251d675da83286b1cce702) (ScriptedImporter) -> (artifact id: '4a74432591e9140b41cf5110d4c53ffd') in 0.015077 seconds
Number of updated asset objects reloaded before import = 0Number of asset objects unloaded after import = 1

========================================================================
Received Import Request.
  Time since last request: 77.655523 seconds.
  path: Assets/Tags/Scriptable Objects/Anxious.asset
  artifactKey: Guid(483988e4981e50b42838cec1e9d97257) Importer(815301076,1909f56bfc062723c751e8b465ee728b)
Start importing Assets/Tags/Scriptable Objects/Anxious.asset using Guid(483988e4981e50b42838cec1e9d97257) Importer(815301076,1909f56bfc062723c751e8b465ee728b) (PreviewImporter) -> (artifact id: 'f108c181b444fb5a110786d5c4aad5e8') in 0.0016071 seconds
Number of updated asset objects reloaded before import = 0Number of asset objects unloaded after import = 1

========================================================================
Received Import Request.
  Time since last request: 0.038273 seconds.
  path: Assets/Tags/Scriptable Objects/Anxious.asset
  artifactKey: Guid(483988e4981e50b42838cec1e9d97257) Importer(2089858483,192608db42251d675da83286b1cce702)
Start importing Assets/Tags/Scriptable Objects/Anxious.asset using Guid(483988e4981e50b42838cec1e9d97257) Importer(2089858483,192608db42251d675da83286b1cce702) (ScriptedImporter) -> (artifact id: '26fc5a23e7e49c1d2cab3c299189edf3') in 0.0140803 seconds
Number of updated asset objects reloaded before import = 0Number of asset objects unloaded after import = 1

========================================================================
Received Import Request.
  Time since last request: 160.374355 seconds.
  path: Assets/Tags/Scriptable Objects/Anxious.asset
  artifactKey: Guid(483988e4981e50b42838cec1e9d97257) Importer(815301076,1909f56bfc062723c751e8b465ee728b)
Start importing Assets/Tags/Scriptable Objects/Anxious.asset using Guid(483988e4981e50b42838cec1e9d97257) Importer(815301076,1909f56bfc062723c751e8b465ee728b) (PreviewImporter) -> (artifact id: 'abc669d1fbde47d6d0b6ab86d17bbbb8') in 0.0015067 seconds
Number of updated asset objects reloaded before import = 0Number of asset objects unloaded after import = 1

========================================================================
Received Import Request.
  Time since last request: 0.000025 seconds.
  path: Assets/Tags/Scriptable Objects/Excited.asset
  artifactKey: Guid(c0b8f59c3972b7d43b02c983543ea5cc) Importer(815301076,1909f56bfc062723c751e8b465ee728b)
Start importing Assets/Tags/Scriptable Objects/Excited.asset using Guid(c0b8f59c3972b7d43b02c983543ea5cc) Importer(815301076,1909f56bfc062723c751e8b465ee728b) (PreviewImporter) -> (artifact id: '6526e82353e415a757f29275b01d25e8') in 0.0015454 seconds
Number of updated asset objects reloaded before import = 0Number of asset objects unloaded after import = 1

========================================================================
Received Import Request.
  Time since last request: 0.000036 seconds.
  path: Assets/Tags/Scriptable Objects/Greedy.asset
  artifactKey: Guid(d20a8a93a2ce8444b8fa97d41cecb15f) Importer(815301076,1909f56bfc062723c751e8b465ee728b)
Start importing Assets/Tags/Scriptable Objects/Greedy.asset using Guid(d20a8a93a2ce8444b8fa97d41cecb15f) Importer(815301076,1909f56bfc062723c751e8b465ee728b) (PreviewImporter) -> (artifact id: '12ad999fa30d974051ce61f8f71150cc') in 0.0013592 seconds
Number of updated asset objects reloaded before import = 0Number of asset objects unloaded after import = 1

========================================================================
Received Import Request.
  Time since last request: 0.638327 seconds.
  path: Assets/Tags/Scriptable Objects/Anxious.asset
  artifactKey: Guid(483988e4981e50b42838cec1e9d97257) Importer(2089858483,192608db42251d675da83286b1cce702)
Start importing Assets/Tags/Scriptable Objects/Anxious.asset using Guid(483988e4981e50b42838cec1e9d97257) Importer(2089858483,192608db42251d675da83286b1cce702) (ScriptedImporter) -> (artifact id: 'ff889c97441d423fdf3bb6d4a2bdee75') in 0.0171642 seconds
Number of updated asset objects reloaded before import = 0Number of asset objects unloaded after import = 1

========================================================================
Received Import Request.
  Time since last request: 0.000018 seconds.
  path: Assets/Tags/Scriptable Objects/Greedy.asset
  artifactKey: Guid(d20a8a93a2ce8444b8fa97d41cecb15f) Importer(2089858483,192608db42251d675da83286b1cce702)
Start importing Assets/Tags/Scriptable Objects/Greedy.asset using Guid(d20a8a93a2ce8444b8fa97d41cecb15f) Importer(2089858483,192608db42251d675da83286b1cce702) (ScriptedImporter) -> (artifact id: 'b1167cc7a054d2b9243564f109553adf') in 0.0155179 seconds
Number of updated asset objects reloaded before import = 0Number of asset objects unloaded after import = 1

========================================================================
Received Import Request.
  Time since last request: 0.000024 seconds.
  path: Assets/Startup/Scenes/Startup.unity
  artifactKey: Guid(c3baa22605950af4fab6ab4e5c51f6ee) Importer(2089858483,192608db42251d675da83286b1cce702)
Start importing Assets/Startup/Scenes/Startup.unity using Guid(c3baa22605950af4fab6ab4e5c51f6ee) Importer(2089858483,192608db42251d675da83286b1cce702) (ScriptedImporter) -> (artifact id: '844287faf91b50face9d004c1109e96e') in 0.0167013 seconds
Number of updated asset objects reloaded before import = 0Number of asset objects unloaded after import = 1

========================================================================
Received Import Request.
  Time since last request: 0.000033 seconds.
  path: Assets/Tags/Scriptable Objects/Bold.asset
  artifactKey: Guid(0cb84550e4800594daa74b7b98f833ac) Importer(2089858483,192608db42251d675da83286b1cce702)
Start importing Assets/Tags/Scriptable Objects/Bold.asset using Guid(0cb84550e4800594daa74b7b98f833ac) Importer(2089858483,192608db42251d675da83286b1cce702) (ScriptedImporter) -> (artifact id: '4a18c65d89aa03583bbee95c9784570e') in 0.0155223 seconds
Number of updated asset objects reloaded before import = 0Number of asset objects unloaded after import = 1

========================================================================
Received Import Request.
  Time since last request: 0.000018 seconds.
  path: Assets/Tags/Scriptable Objects/Dramatic.asset
  artifactKey: Guid(9a0e4c3dc3781a344aa5372a2473d61b) Importer(2089858483,192608db42251d675da83286b1cce702)
Start importing Assets/Tags/Scriptable Objects/Dramatic.asset using Guid(9a0e4c3dc3781a344aa5372a2473d61b) Importer(2089858483,192608db42251d675da83286b1cce702) (ScriptedImporter) -> (artifact id: '5f99be2f01885a091c5602da15807a7b') in 0.0154857 seconds
Number of updated asset objects reloaded before import = 0Number of asset objects unloaded after import = 1

Editor requested this worker to shutdown with reason: Scaling down because of idle timeout
AssetImportWorker is now disconnected from the server
Process exiting
Exiting without the bug reporter. Application will terminate with return code 0